<?xml version="1.0" encoding="UTF-8"?>
<!-- Generated by org.testng.reporters.JUnitReportReporter -->
<testsuite hostname="DESKTOP-515TULK" failures="0" tests="2" name="Kothai.tests.ErrorValidations" time="40.189" errors="0" timestamp="2024-06-06T16:16:04 IST" skipped="0">
  <testcase classname="Kothai.tests.ErrorValidations" name="ProductErrorValidation" time="20.415"/>
  <system-out/>
  <testcase classname="Kothai.tests.ErrorValidations" name="LoginErrorValidation" time="19.774"/>
  <system-out/>
</testsuite> <!-- Kothai.tests.ErrorValidations -->
