<?xml version="1.0" encoding="UTF-8"?>
<!-- Generated by org.testng.reporters.JUnitReportReporter -->
<testsuite hostname="DESKTOP-515TULK" failures="0" tests="3" name="Kothai.tests.Xyz" time="76.052" errors="0" timestamp="2024-05-25T18:06:51 IST" skipped="0">
  <testcase classname="Kothai.tests.Xyz" name="submitOrder" time="34.861"/>
  <system-out/>
  <testcase classname="Kothai.tests.Xyz" name="submitOrder" time="31.831"/>
  <system-out/>
  <testcase classname="Kothai.tests.Xyz" name="OrderHistoryTest" time="9.360"/>
  <system-out/>
</testsuite> <!-- Kothai.tests.Xyz -->
