<?xml version="1.0" encoding="UTF-8"?>
<!-- Generated by org.testng.reporters.JUnitReportReporter -->
<testsuite hostname="DESKTOP-515TULK" failures="0" tests="2" name="cucumber.TestNGTestRunner" time="189.252" errors="0" timestamp="2024-06-06T17:24:28 IST" skipped="0">
  <testcase classname="cucumber.TestNGTestRunner" name="runScenario" time="128.565"/>
  <testcase classname="cucumber.TestNGTestRunner" name="runScenario" time="60.687"/>
</testsuite> <!-- cucumber.TestNGTestRunner -->
